# JRE version: OpenJDK Runtime Environment Temurin-21.0.9+10 (21.0.9+10) (build 21.0.9+10-LTS)
# Java VM: OpenJDK 64-Bit Server VM Temurin-21.0.9+10 (21.0.9+10-LTS, mixed mode, sharing, tiered, compressed oops, compressed class ptrs, parallel gc, windows-amd64)
GC Precious Log:
 CardTable entry size: 512
 CPUs: 16 total, 16 available
 Memory: 24283M
 Large Page Support: Disabled
 NUMA Support: Disabled
 Compressed Oops: Enabled (32-bit)
 Alignments: Space 512K, Generation 512K, Heap 2M
 Heap Min Capacity: 100M
 Heap Initial Capacity: 100M
 Heap Max Capacity: 2G
 Pre-touch: Disabled
 Parallel Workers: 13
Heap:
 PSYoungGen      total 6144K, used 2585K [0x00000000d5580000, 0x00000000d5d80000, 0x0000000100000000)
  eden space 3584K, 51% used [0x00000000d5580000,0x00000000d574d2f0,0x00000000d5900000)
  from space 2560K, 28% used [0x00000000d5980000,0x00000000d5a39210,0x00000000d5c00000)
  to   space 1536K, 0% used [0x00000000d5c00000,0x00000000d5c00000,0x00000000d5d80000)
 ParOldGen       total 966656K, used 370346K [0x0000000080000000, 0x00000000bb000000, 0x00000000d5580000)
  object space 966656K, 38% used [0x0000000080000000,0x00000000969aab50,0x00000000bb000000)
 Metaspace       used 84601K, committed 86336K, reserved 1179648K
  class space    used 8902K, committed 9664K, reserved 1048576K
GC Heap History (20 events):
Event: 511.926 GC heap before
{Heap before GC invocations=1314 (full 4):
 PSYoungGen      total 7168K, used 6720K [0x00000000d5580000, 0x00000000d6000000, 0x0000000100000000)
  eden space 3584K, 100% used [0x00000000d5580000,0x00000000d5900000,0x00000000d5900000)
  from space 3584K, 87% used [0x00000000d5a00000,0x00000000d5d10000,0x00000000d5d80000)
  to   space 2560K, 0% used [0x00000000d5d80000,0x00000000d5d80000,0x00000000d6000000)
 ParOldGen       total 966656K, used 357184K [0x0000000080000000, 0x00000000bb000000, 0x00000000d5580000)
  object space 966656K, 36% used [0x0000000080000000,0x0000000095cd0388,0x00000000bb000000)
 Metaspace       used 84515K, committed 86272K, reserved 1179648K
  class space    used 8902K, committed 9664K, reserved 1048576K
}
Event: 511.930 GC heap after
{Heap after GC invocations=1314 (full 4):
 PSYoungGen      total 4608K, used 708K [0x00000000d5580000, 0x00000000d5e80000, 0x0000000100000000)
  eden space 3584K, 0% used [0x00000000d5580000,0x00000000d5580000,0x00000000d5900000)
  from space 1024K, 69% used [0x00000000d5d80000,0x00000000d5e31210,0x00000000d5e80000)
  to   space 2048K, 0% used [0x00000000d5a80000,0x00000000d5a80000,0x00000000d5c80000)
 ParOldGen       total 966656K, used 359464K [0x0000000080000000, 0x00000000bb000000, 0x00000000d5580000)
  object space 966656K, 37% used [0x0000000080000000,0x0000000095f0a388,0x00000000bb000000)
 Metaspace       used 84515K, committed 86272K, reserved 1179648K
  class space    used 8902K, committed 9664K, reserved 1048576K
}
Event: 511.955 GC heap before
{Heap before GC invocations=1315 (full 4):
 PSYoungGen      total 4608K, used 4292K [0x00000000d5580000, 0x00000000d5e80000, 0x0000000100000000)
  eden space 3584K, 100% used [0x00000000d5580000,0x00000000d5900000,0x00000000d5900000)
  from space 1024K, 69% used [0x00000000d5d80000,0x00000000d5e31210,0x00000000d5e80000)
  to   space 2048K, 0% used [0x00000000d5a80000,0x00000000d5a80000,0x00000000d5c80000)
 ParOldGen       total 966656K, used 359464K [0x0000000080000000, 0x00000000bb000000, 0x00000000d5580000)
  object space 966656K, 37% used [0x0000000080000000,0x0000000095f0a388,0x00000000bb000000)
 Metaspace       used 84515K, committed 86272K, reserved 1179648K
  class space    used 8902K, committed 9664K, reserved 1048576K
}
Event: 511.958 GC heap after
{Heap after GC invocations=1315 (full 4):
 PSYoungGen      total 5632K, used 676K [0x00000000d5580000, 0x00000000d5e00000, 0x0000000100000000)
  eden space 3584K, 0% used [0x00000000d5580000,0x00000000d5580000,0x00000000d5900000)
  from space 2048K, 33% used [0x00000000d5a80000,0x00000000d5b29210,0x00000000d5c80000)
  to   space 1024K, 0% used [0x00000000d5d00000,0x00000000d5d00000,0x00000000d5e00000)
 ParOldGen       total 966656K, used 359997K [0x0000000080000000, 0x00000000bb000000, 0x00000000d5580000)
  object space 966656K, 37% used [0x0000000080000000,0x0000000095f8f598,0x00000000bb000000)
 Metaspace       used 84515K, committed 86272K, reserved 1179648K
  class space    used 8902K, committed 9664K, reserved 1048576K
}
Event: 512.000 GC heap before
{Heap before GC invocations=1316 (full 4):
 PSYoungGen      total 5632K, used 4260K [0x00000000d5580000, 0x00000000d5e00000, 0x0000000100000000)
  eden space 3584K, 100% used [0x00000000d5580000,0x00000000d5900000,0x00000000d5900000)
  from space 2048K, 33% used [0x00000000d5a80000,0x00000000d5b29210,0x00000000d5c80000)
  to   space 1024K, 0% used [0x00000000d5d00000,0x00000000d5d00000,0x00000000d5e00000)
 ParOldGen       total 966656K, used 359997K [0x0000000080000000, 0x00000000bb000000, 0x00000000d5580000)
  object space 966656K, 37% used [0x0000000080000000,0x0000000095f8f598,0x00000000bb000000)
 Metaspace       used 84525K, committed 86272K, reserved 1179648K
  class space    used 8902K, committed 9664K, reserved 1048576K
}
Event: 512.005 GC heap after
{Heap after GC invocations=1316 (full 4):
 PSYoungGen      total 4608K, used 948K [0x00000000d5580000, 0x00000000d5e00000, 0x0000000100000000)
  eden space 3584K, 0% used [0x00000000d5580000,0x00000000d5580000,0x00000000d5900000)
  from space 1024K, 92% used [0x00000000d5d00000,0x00000000d5ded200,0x00000000d5e00000)
  to   space 1024K, 0% used [0x00000000d5c00000,0x00000000d5c00000,0x00000000d5d00000)
 ParOldGen       total 966656K, used 360585K [0x0000000080000000, 0x00000000bb000000, 0x00000000d5580000)
  object space 966656K, 37% used [0x0000000080000000,0x00000000960227a8,0x00000000bb000000)
 Metaspace       used 84525K, committed 86272K, reserved 1179648K
  class space    used 8902K, committed 9664K, reserved 1048576K
}
Event: 512.025 GC heap before
{Heap before GC invocations=1317 (full 4):
 PSYoungGen      total 4608K, used 4532K [0x00000000d5580000, 0x00000000d5e00000, 0x0000000100000000)
  eden space 3584K, 100% used [0x00000000d5580000,0x00000000d5900000,0x00000000d5900000)
  from space 1024K, 92% used [0x00000000d5d00000,0x00000000d5ded200,0x00000000d5e00000)
  to   space 1024K, 0% used [0x00000000d5c00000,0x00000000d5c00000,0x00000000d5d00000)
 ParOldGen       total 966656K, used 360585K [0x0000000080000000, 0x00000000bb000000, 0x00000000d5580000)
  object space 966656K, 37% used [0x0000000080000000,0x00000000960227a8,0x00000000bb000000)
 Metaspace       used 84538K, committed 86272K, reserved 1179648K
  class space    used 8902K, committed 9664K, reserved 1048576K
}
Event: 512.029 GC heap after
{Heap after GC invocations=1317 (full 4):
 PSYoungGen      total 4608K, used 842K [0x00000000d5580000, 0x00000000d5d80000, 0x0000000100000000)
  eden space 3584K, 0% used [0x00000000d5580000,0x00000000d5580000,0x00000000d5900000)
  from space 1024K, 82% used [0x00000000d5c00000,0x00000000d5cd2a90,0x00000000d5d00000)
  to   space 512K, 0% used [0x00000000d5d00000,0x00000000d5d00000,0x00000000d5d80000)
 ParOldGen       total 966656K, used 361334K [0x0000000080000000, 0x00000000bb000000, 0x00000000d5580000)
  object space 966656K, 37% used [0x0000000080000000,0x00000000960dd9b8,0x00000000bb000000)
 Metaspace       used 84538K, committed 86272K, reserved 1179648K
  class space    used 8902K, committed 9664K, reserved 1048576K
}
Event: 512.051 GC heap before
{Heap before GC invocations=1318 (full 4):
 PSYoungGen      total 4608K, used 4426K [0x00000000d5580000, 0x00000000d5d80000, 0x0000000100000000)
  eden space 3584K, 100% used [0x00000000d5580000,0x00000000d5900000,0x00000000d5900000)
  from space 1024K, 82% used [0x00000000d5c00000,0x00000000d5cd2a90,0x00000000d5d00000)
  to   space 512K, 0% used [0x00000000d5d00000,0x00000000d5d00000,0x00000000d5d80000)
 ParOldGen       total 966656K, used 361334K [0x0000000080000000, 0x00000000bb000000, 0x00000000d5580000)
  object space 966656K, 37% used [0x0000000080000000,0x00000000960dd9b8,0x00000000bb000000)
 Metaspace       used 84543K, committed 86272K, reserved 1179648K
  class space    used 8902K, committed 9664K, reserved 1048576K
}
Event: 512.054 GC heap after
{Heap after GC invocations=1318 (full 4):
 PSYoungGen      total 4096K, used 504K [0x00000000d5580000, 0x00000000d5f00000, 0x0000000100000000)
  eden space 3584K, 0% used [0x00000000d5580000,0x00000000d5580000,0x00000000d5900000)
  from space 512K, 98% used [0x00000000d5d00000,0x00000000d5d7e338,0x00000000d5d80000)
  to   space 3072K, 0% used [0x00000000d5900000,0x00000000d5900000,0x00000000d5c00000)
 ParOldGen       total 966656K, used 363194K [0x0000000080000000, 0x00000000bb000000, 0x00000000d5580000)
  object space 966656K, 37% used [0x0000000080000000,0x00000000962ae9c8,0x00000000bb000000)
 Metaspace       used 84543K, committed 86272K, reserved 1179648K
  class space    used 8902K, committed 9664K, reserved 1048576K
}
Event: 512.063 GC heap before
{Heap before GC invocations=1319 (full 4):
 PSYoungGen      total 4096K, used 4088K [0x00000000d5580000, 0x00000000d5f00000, 0x0000000100000000)
  eden space 3584K, 100% used [0x00000000d5580000,0x00000000d5900000,0x00000000d5900000)
  from space 512K, 98% used [0x00000000d5d00000,0x00000000d5d7e338,0x00000000d5d80000)
  to   space 3072K, 0% used [0x00000000d5900000,0x00000000d5900000,0x00000000d5c00000)
 ParOldGen       total 966656K, used 363194K [0x0000000080000000, 0x00000000bb000000, 0x00000000d5580000)
  object space 966656K, 37% used [0x0000000080000000,0x00000000962ae9c8,0x00000000bb000000)
 Metaspace       used 84546K, committed 86272K, reserved 1179648K
  class space    used 8902K, committed 9664K, reserved 1048576K
}
Event: 512.066 GC heap after
{Heap after GC invocations=1319 (full 4):
 PSYoungGen      total 6144K, used 2416K [0x00000000d5580000, 0x00000000d5e00000, 0x0000000100000000)
  eden space 3584K, 0% used [0x00000000d5580000,0x00000000d5580000,0x00000000d5900000)
  from space 2560K, 94% used [0x00000000d5900000,0x00000000d5b5c338,0x00000000d5b80000)
  to   space 2560K, 0% used [0x00000000d5b80000,0x00000000d5b80000,0x00000000d5e00000)
 ParOldGen       total 966656K, used 363726K [0x0000000080000000, 0x00000000bb000000, 0x00000000d5580000)
  object space 966656K, 37% used [0x0000000080000000,0x0000000096333a70,0x00000000bb000000)
 Metaspace       used 84546K, committed 86272K, reserved 1179648K
  class space    used 8902K, committed 9664K, reserved 1048576K
}
Event: 512.075 GC heap before
{Heap before GC invocations=1320 (full 4):
 PSYoungGen      total 6144K, used 6000K [0x00000000d5580000, 0x00000000d5e00000, 0x0000000100000000)
  eden space 3584K, 100% used [0x00000000d5580000,0x00000000d5900000,0x00000000d5900000)
  from space 2560K, 94% used [0x00000000d5900000,0x00000000d5b5c338,0x00000000d5b80000)
  to   space 2560K, 0% used [0x00000000d5b80000,0x00000000d5b80000,0x00000000d5e00000)
 ParOldGen       total 966656K, used 363726K [0x0000000080000000, 0x00000000bb000000, 0x00000000d5580000)
  object space 966656K, 37% used [0x0000000080000000,0x0000000096333a70,0x00000000bb000000)
 Metaspace       used 84547K, committed 86272K, reserved 1179648K
  class space    used 8902K, committed 9664K, reserved 1048576K
}
Event: 512.078 GC heap after
{Heap after GC invocations=1320 (full 4):
 PSYoungGen      total 5120K, used 1488K [0x00000000d5580000, 0x00000000d5d00000, 0x0000000100000000)
  eden space 3584K, 0% used [0x00000000d5580000,0x00000000d5580000,0x00000000d5900000)
  from space 1536K, 96% used [0x00000000d5b80000,0x00000000d5cf42d0,0x00000000d5d00000)
  to   space 2048K, 0% used [0x00000000d5900000,0x00000000d5900000,0x00000000d5b00000)
 ParOldGen       total 966656K, used 365910K [0x0000000080000000, 0x00000000bb000000, 0x00000000d5580000)
  object space 966656K, 37% used [0x0000000080000000,0x0000000096555b30,0x00000000bb000000)
 Metaspace       used 84547K, committed 86272K, reserved 1179648K
  class space    used 8902K, committed 9664K, reserved 1048576K
}
Event: 512.133 GC heap before
{Heap before GC invocations=1321 (full 4):
 PSYoungGen      total 5120K, used 5072K [0x00000000d5580000, 0x00000000d5d00000, 0x0000000100000000)
  eden space 3584K, 99% used [0x00000000d5580000,0x00000000d58fffe0,0x00000000d5900000)
  from space 1536K, 96% used [0x00000000d5b80000,0x00000000d5cf42d0,0x00000000d5d00000)
  to   space 2048K, 0% used [0x00000000d5900000,0x00000000d5900000,0x00000000d5b00000)
 ParOldGen       total 966656K, used 365910K [0x0000000080000000, 0x00000000bb000000, 0x00000000d5580000)
  object space 966656K, 37% used [0x0000000080000000,0x0000000096555b30,0x00000000bb000000)
 Metaspace       used 84565K, committed 86336K, reserved 1179648K
  class space    used 8902K, committed 9664K, reserved 1048576K
}
Event: 512.136 GC heap after
{Heap after GC invocations=1321 (full 4):
 PSYoungGen      total 5632K, used 2020K [0x00000000d5580000, 0x00000000d6100000, 0x0000000100000000)
  eden space 3584K, 0% used [0x00000000d5580000,0x00000000d5580000,0x00000000d5900000)
  from space 2048K, 98% used [0x00000000d5900000,0x00000000d5af93b8,0x00000000d5b00000)
  to   space 4096K, 0% used [0x00000000d5d00000,0x00000000d5d00000,0x00000000d6100000)
 ParOldGen       total 966656K, used 367446K [0x0000000080000000, 0x00000000bb000000, 0x00000000d5580000)
  object space 966656K, 38% used [0x0000000080000000,0x00000000966d5a40,0x00000000bb000000)
 Metaspace       used 84565K, committed 86336K, reserved 1179648K
  class space    used 8902K, committed 9664K, reserved 1048576K
}
Event: 512.161 GC heap before
{Heap before GC invocations=1322 (full 4):
 PSYoungGen      total 5632K, used 5604K [0x00000000d5580000, 0x00000000d6100000, 0x0000000100000000)
  eden space 3584K, 100% used [0x00000000d5580000,0x00000000d5900000,0x00000000d5900000)
  from space 2048K, 98% used [0x00000000d5900000,0x00000000d5af93b8,0x00000000d5b00000)
  to   space 4096K, 0% used [0x00000000d5d00000,0x00000000d5d00000,0x00000000d6100000)
 ParOldGen       total 966656K, used 367446K [0x0000000080000000, 0x00000000bb000000, 0x00000000d5580000)
  object space 966656K, 38% used [0x0000000080000000,0x00000000966d5a40,0x00000000bb000000)
 Metaspace       used 84589K, committed 86336K, reserved 1179648K
  class space    used 8902K, committed 9664K, reserved 1048576K
}
Event: 512.165 GC heap after
{Heap after GC invocations=1322 (full 4):
 PSYoungGen      total 5120K, used 1216K [0x00000000d5580000, 0x00000000d5e80000, 0x0000000100000000)
  eden space 3584K, 0% used [0x00000000d5580000,0x00000000d5580000,0x00000000d5900000)
  from space 1536K, 79% used [0x00000000d5d00000,0x00000000d5e30000,0x00000000d5e80000)
  to   space 2560K, 0% used [0x00000000d5980000,0x00000000d5980000,0x00000000d5c00000)
 ParOldGen       total 966656K, used 369348K [0x0000000080000000, 0x00000000bb000000, 0x00000000d5580000)
  object space 966656K, 38% used [0x0000000080000000,0x00000000968b10e0,0x00000000bb000000)
 Metaspace       used 84589K, committed 86336K, reserved 1179648K
  class space    used 8902K, committed 9664K, reserved 1048576K
}
Event: 512.203 GC heap before
{Heap before GC invocations=1323 (full 4):
 PSYoungGen      total 5120K, used 4800K [0x00000000d5580000, 0x00000000d5e80000, 0x0000000100000000)
  eden space 3584K, 100% used [0x00000000d5580000,0x00000000d5900000,0x00000000d5900000)
  from space 1536K, 79% used [0x00000000d5d00000,0x00000000d5e30000,0x00000000d5e80000)
  to   space 2560K, 0% used [0x00000000d5980000,0x00000000d5980000,0x00000000d5c00000)
 ParOldGen       total 966656K, used 369348K [0x0000000080000000, 0x00000000bb000000, 0x00000000d5580000)
  object space 966656K, 38% used [0x0000000080000000,0x00000000968b10e0,0x00000000bb000000)
 Metaspace       used 84592K, committed 86336K, reserved 1179648K
  class space    used 8902K, committed 9664K, reserved 1048576K
}
Event: 512.207 GC heap after
{Heap after GC invocations=1323 (full 4):
 PSYoungGen      total 6144K, used 740K [0x00000000d5580000, 0x00000000d5d80000, 0x0000000100000000)
  eden space 3584K, 0% used [0x00000000d5580000,0x00000000d5580000,0x00000000d5900000)
  from space 2560K, 28% used [0x00000000d5980000,0x00000000d5a39210,0x00000000d5c00000)
  to   space 1536K, 0% used [0x00000000d5c00000,0x00000000d5c00000,0x00000000d5d80000)
 ParOldGen       total 966656K, used 370346K [0x0000000080000000, 0x00000000bb000000, 0x00000000d5580000)
  object space 966656K, 38% used [0x0000000080000000,0x00000000969aab50,0x00000000bb000000)
 Metaspace       used 84592K, committed 86336K, reserved 1179648K
  class space    used 8902K, committed 9664K, reserved 1048576K
}

